<?xml version="1.0" encoding="UTF-8" ?>
<testsuite failures="0" time="4.995" errors="0" skipped="0" tests="5" name="org.jsuffixarrays.BPRTest">
  <properties>
    <property name="java.runtime.name" value="Java(TM) SE Runtime Environment"/>
    <property name="sun.boot.library.path" value="/home/dweiss/Applications/java/jdk1.6.0_16/jre/lib/amd64"/>
    <property name="java.vm.version" value="14.2-b01"/>
    <property name="java.vm.vendor" value="Sun Microsystems Inc."/>
    <property name="java.vendor.url" value="http://java.sun.com/"/>
    <property name="path.separator" value=":"/>
    <property name="java.vm.name" value="Java HotSpot(TM) 64-Bit Server VM"/>
    <property name="file.encoding.pkg" value="sun.io"/>
    <property name="user.country" value="US"/>
    <property name="sun.java.launcher" value="SUN_STANDARD"/>
    <property name="sun.os.patch.level" value="unknown"/>
    <property name="java.vm.specification.name" value="Java Virtual Machine Specification"/>
    <property name="user.dir" value="/home/dweiss/carrot2/carrotsearch.labs/jsuffixarrays"/>
    <property name="java.runtime.version" value="1.6.0_16-b01"/>
    <property name="java.awt.graphicsenv" value="sun.awt.X11GraphicsEnvironment"/>
    <property name="basedir" value="/home/dweiss/carrot2/carrotsearch.labs/jsuffixarrays"/>
    <property name="java.endorsed.dirs" value="/home/dweiss/Applications/java/jdk1.6.0_16/jre/lib/endorsed"/>
    <property name="os.arch" value="amd64"/>
    <property name="surefire.real.class.path" value="/tmp/surefirebooter698958371626088499.jar"/>
    <property name="java.io.tmpdir" value="/tmp"/>
    <property name="line.separator" value="
"/>
    <property name="java.vm.specification.vendor" value="Sun Microsystems Inc."/>
    <property name="os.name" value="Linux"/>
    <property name="sun.jnu.encoding" value="UTF-8"/>
    <property name="java.library.path" value="/home/dweiss/Applications/java/jdk1.6.0_16/jre/lib/amd64/server:/home/dweiss/Applications/java/jdk1.6.0_16/jre/lib/amd64:/home/dweiss/Applications/java/jdk1.6.0_16/jre/../lib/amd64:/usr/java/packages/lib/amd64:/lib:/usr/lib"/>
    <property name="surefire.test.class.path" value="/home/dweiss/carrot2/carrotsearch.labs/jsuffixarrays/target/test-classes:/home/dweiss/carrot2/carrotsearch.labs/jsuffixarrays/target/classes:/home/dweiss/.m2/repository/junit/junit/4.7/junit-4.7.jar:/home/dweiss/.m2/repository/com/google/guava/guava/r08/guava-r08.jar:/home/dweiss/.m2/repository/commons-io/commons-io/2.0.1/commons-io-2.0.1.jar:"/>
    <property name="java.specification.name" value="Java Platform API Specification"/>
    <property name="java.class.version" value="50.0"/>
    <property name="sun.management.compiler" value="HotSpot 64-Bit Server Compiler"/>
    <property name="os.version" value="2.6.35-25-generic"/>
    <property name="user.home" value="/home/dweiss"/>
    <property name="user.timezone" value=""/>
    <property name="java.awt.printerjob" value="sun.print.PSPrinterJob"/>
    <property name="file.encoding" value="UTF-8"/>
    <property name="java.specification.version" value="1.6"/>
    <property name="user.name" value="dweiss"/>
    <property name="java.class.path" value="/home/dweiss/carrot2/carrotsearch.labs/jsuffixarrays/target/test-classes:/home/dweiss/carrot2/carrotsearch.labs/jsuffixarrays/target/classes:/home/dweiss/.m2/repository/junit/junit/4.7/junit-4.7.jar:/home/dweiss/.m2/repository/com/google/guava/guava/r08/guava-r08.jar:/home/dweiss/.m2/repository/commons-io/commons-io/2.0.1/commons-io-2.0.1.jar:"/>
    <property name="java.vm.specification.version" value="1.0"/>
    <property name="sun.arch.data.model" value="64"/>
    <property name="java.home" value="/home/dweiss/Applications/java/jdk1.6.0_16/jre"/>
    <property name="java.specification.vendor" value="Sun Microsystems Inc."/>
    <property name="user.language" value="en"/>
    <property name="java.vm.info" value="mixed mode"/>
    <property name="java.version" value="1.6.0_16"/>
    <property name="java.ext.dirs" value="/home/dweiss/Applications/java/jdk1.6.0_16/jre/lib/ext:/usr/java/packages/lib/ext"/>
    <property name="sun.boot.class.path" value="/home/dweiss/Applications/java/jdk1.6.0_16/jre/lib/resources.jar:/home/dweiss/Applications/java/jdk1.6.0_16/jre/lib/rt.jar:/home/dweiss/Applications/java/jdk1.6.0_16/jre/lib/sunrsasign.jar:/home/dweiss/Applications/java/jdk1.6.0_16/jre/lib/jsse.jar:/home/dweiss/Applications/java/jdk1.6.0_16/jre/lib/jce.jar:/home/dweiss/Applications/java/jdk1.6.0_16/jre/lib/charsets.jar:/home/dweiss/Applications/java/jdk1.6.0_16/jre/classes"/>
    <property name="java.vendor" value="Sun Microsystems Inc."/>
    <property name="localRepository" value="/home/dweiss/.m2/repository"/>
    <property name="file.separator" value="/"/>
    <property name="java.vendor.url.bug" value="http://java.sun.com/cgi-bin/bugreport.cgi"/>
    <property name="sun.cpu.endian" value="little"/>
    <property name="sun.io.unicode.encoding" value="UnicodeLittle"/>
    <property name="sun.desktop" value="gnome"/>
    <property name="sun.cpu.isalist" value=""/>
  </properties>
  <testcase time="0.015" classname="org.jsuffixarrays.BPRTest" name="checkBanana"/>
  <testcase time="0.003" classname="org.jsuffixarrays.BPRTest" name="checkMississippi"/>
  <testcase time="1.708" classname="org.jsuffixarrays.BPRTest" name="sameResultWithArraySlice"/>
  <testcase time="3.247" classname="org.jsuffixarrays.BPRTest" name="invariantsOnRandomSmallAlphabet"/>
  <testcase time="0" classname="org.jsuffixarrays.BPRTest" name="invariantsOnRandomLargeAlphabet"/>
</testsuite>